Using pre-set license
Built from '2022.3/staging' branch; Version is '2022.3.29f1 (8d510ca76d2b) revision 9261324'; Using compiler version '192829333'; Build Type 'Release'
OS: 'Windows 11  (10.0.22631) 64bit CoreSingleLanguage' Language: 'ru' Physical Memory: 14170 MB
BatchMode: 1, IsHumanControllingUs: 0, StartBugReporterOnCrash: 0, Is64bit: 1, IsPro: 1

COMMAND LINE ARGUMENTS:
C:\Program Files\Unity\Hub\Editor\2022.3.29f1\Editor\Unity.exe
-adb2
-batchMode
-noUpm
-name
AssetImportWorker4
-projectPath
C:/Users/adrod/Documents/GitHub/Robolab-Contest-2024
-logFile
Logs/AssetImportWorker4.log
-srvPort
57330
Successfully changed project path to: C:/Users/adrod/Documents/GitHub/Robolab-Contest-2024
C:/Users/adrod/Documents/GitHub/Robolab-Contest-2024
[UnityMemory] Configuration Parameters - Can be set up in boot.config
    "memorysetup-bucket-allocator-granularity=16"
    "memorysetup-bucket-allocator-bucket-count=8"
    "memorysetup-bucket-allocator-block-size=33554432"
    "memorysetup-bucket-allocator-block-count=8"
    "memorysetup-main-allocator-block-size=16777216"
    "memorysetup-thread-allocator-block-size=16777216"
    "memorysetup-gfx-main-allocator-block-size=16777216"
    "memorysetup-gfx-thread-allocator-block-size=16777216"
    "memorysetup-cache-allocator-block-size=4194304"
    "memorysetup-typetree-allocator-block-size=2097152"
    "memorysetup-profiler-bucket-allocator-granularity=16"
    "memorysetup-profiler-bucket-allocator-bucket-count=8"
    "memorysetup-profiler-bucket-allocator-block-size=33554432"
    "memorysetup-profiler-bucket-allocator-block-count=8"
    "memorysetup-profiler-allocator-block-size=16777216"
    "memorysetup-profiler-editor-allocator-block-size=1048576"
    "memorysetup-temp-allocator-size-main=16777216"
    "memorysetup-job-temp-allocator-block-size=2097152"
    "memorysetup-job-temp-allocator-block-size-background=1048576"
    "memorysetup-job-temp-allocator-reduction-small-platforms=262144"
    "memorysetup-allocator-temp-initial-block-size-main=262144"
    "memorysetup-allocator-temp-initial-block-size-worker=262144"
    "memorysetup-temp-allocator-size-background-worker=32768"
    "memorysetup-temp-allocator-size-job-worker=262144"
    "memorysetup-temp-allocator-size-preload-manager=33554432"
    "memorysetup-temp-allocator-size-nav-mesh-worker=65536"
    "memorysetup-temp-allocator-size-audio-worker=65536"
    "memorysetup-temp-allocator-size-cloud-worker=32768"
    "memorysetup-temp-allocator-size-gi-baking-worker=262144"
    "memorysetup-temp-allocator-size-gfx=262144"
Player connection [21804] Host "[IP] 172.16.1.15 [Port] 0 [Flags] 2 [Guid] 3662238780 [EditorId] 3662238780 [Version] 1048832 [Id] WindowsEditor(7,0AD) [Debug] 1 [PackageName] WindowsEditor [ProjectName] Editor" joined multi-casting on [225.0.0.222:54997]...

Player connection [21804] Host "[IP] 172.16.1.15 [Port] 0 [Flags] 2 [Guid] 3662238780 [EditorId] 3662238780 [Version] 1048832 [Id] WindowsEditor(7,0AD) [Debug] 1 [PackageName] WindowsEditor [ProjectName] Editor" joined alternative multi-casting on [225.0.0.222:34997]...

[Physics::Module] Initialized MultithreadedJobDispatcher with 15 workers.
Refreshing native plugins compatible for Editor in 9.30 ms, found 3 plugins.
Preloading 0 native plugins for Editor in 0.00 ms.
Initialize engine version: 2022.3.29f1 (8d510ca76d2b)
[Subsystems] Discovering subsystems at path C:/Program Files/Unity/Hub/Editor/2022.3.29f1/Editor/Data/Resources/UnitySubsystems
[Subsystems] Discovering subsystems at path C:/Users/adrod/Documents/GitHub/Robolab-Contest-2024/Assets
GfxDevice: creating device client; threaded=0; jobified=0
Direct3D:
    Version:  Direct3D 11.0 [level 11.1]
    Renderer: AMD Radeon(TM) Graphics (ID=0x164c)
    Vendor:   ATI
    VRAM:     7085 MB
    Driver:   31.0.21912.14
Initialize mono
Mono path[0] = 'C:/Program Files/Unity/Hub/Editor/2022.3.29f1/Editor/Data/Managed'
Mono path[1] = 'C:/Program Files/Unity/Hub/Editor/2022.3.29f1/Editor/Data/MonoBleedingEdge/lib/mono/unityjit-win32'
Mono config path = 'C:/Program Files/Unity/Hub/Editor/2022.3.29f1/Editor/Data/MonoBleedingEdge/etc'
Using monoOptions --debugger-agent=transport=dt_socket,embedding=1,server=y,suspend=n,address=127.0.0.1:56156
Begin MonoManager ReloadAssembly
Registering precompiled unity dll's ...
Register platform support module: C:/Program Files/Unity/Hub/Editor/2022.3.29f1/Editor/Data/PlaybackEngines/WebGLSupport/UnityEditor.WebGL.Extensions.dll
Register platform support module: C:/Program Files/Unity/Hub/Editor/2022.3.29f1/Editor/Data/PlaybackEngines/AndroidPlayer/UnityEditor.Android.Extensions.dll
Register platform support module: C:/Program Files/Unity/Hub/Editor/2022.3.29f1/Editor/Data/PlaybackEngines/WindowsStandaloneSupport/UnityEditor.WindowsStandalone.Extensions.dll
Registered in 0.007235 seconds.
- Loaded All Assemblies, in  0.488 seconds
Native extension for WindowsStandalone target not found
Native extension for Android target not found
Android Extension - Scanning For ADB Devices 405 ms
Native extension for WebGL target not found
Mono: successfully reloaded assembly
- Finished resetting the current domain, in  0.906 seconds
Domain Reload Profiling: 1393ms
	BeginReloadAssembly (159ms)
		ExecutionOrderSort (0ms)
		DisableScriptedObjects (0ms)
		BackupInstance (0ms)
		ReleaseScriptingObjects (0ms)
		CreateAndSetChildDomain (1ms)
	RebuildCommonClasses (41ms)
	RebuildNativeTypeToScriptingClass (12ms)
	initialDomainReloadingComplete (84ms)
	LoadAllAssembliesAndSetupDomain (190ms)
		LoadAssemblies (159ms)
		RebuildTransferFunctionScriptingTraits (0ms)
		AnalyzeDomain (186ms)
			TypeCache.Refresh (184ms)
				TypeCache.ScanAssembly (168ms)
			ScanForSourceGeneratedMonoScriptInfo (1ms)
			ResolveRequiredComponents (1ms)
	FinalizeReload (907ms)
		ReleaseScriptCaches (0ms)
		RebuildScriptCaches (0ms)
		SetupLoadedEditorAssemblies (817ms)
			LogAssemblyErrors (0ms)
			InitializePlatformSupportModulesInManaged (564ms)
			SetLoadedEditorAssemblies (6ms)
			RefreshPlugins (0ms)
			BeforeProcessingInitializeOnLoad (3ms)
			ProcessInitializeOnLoadAttributes (180ms)
			ProcessInitializeOnLoadMethodAttributes (64ms)
			AfterProcessingInitializeOnLoad (0ms)
			EditorAssembliesLoaded (0ms)
		ExecutionOrderSort2 (0ms)
		AwakeInstancesAfterBackupRestoration (0ms)
========================================================================
Worker process is ready to serve import requests
Begin MonoManager ReloadAssembly
- Loaded All Assemblies, in  0.981 seconds
Refreshing native plugins compatible for Editor in 4.05 ms, found 3 plugins.
Native extension for WindowsStandalone target not found
Native extension for Android target not found
Native extension for WebGL target not found
Package Manager log level set to [2]
[Package Manager] Server::EnsureServerProcessIsRunning -- launch failed, reason: Unity was launched with the -noUpm command-line argument
[Package Manager] UpmClient::Send -- Unable to send message (not connected to UPM process).
[Package Manager] Cannot connect to Unity Package Manager local server
Mono: successfully reloaded assembly
- Finished resetting the current domain, in  0.883 seconds
Domain Reload Profiling: 1863ms
	BeginReloadAssembly (229ms)
		ExecutionOrderSort (0ms)
		DisableScriptedObjects (6ms)
		BackupInstance (0ms)
		ReleaseScriptingObjects (0ms)
		CreateAndSetChildDomain (47ms)
	RebuildCommonClasses (56ms)
	RebuildNativeTypeToScriptingClass (12ms)
	initialDomainReloadingComplete (49ms)
	LoadAllAssembliesAndSetupDomain (633ms)
		LoadAssemblies (428ms)
		RebuildTransferFunctionScriptingTraits (0ms)
		AnalyzeDomain (321ms)
			TypeCache.Refresh (282ms)
				TypeCache.ScanAssembly (253ms)
			ScanForSourceGeneratedMonoScriptInfo (29ms)
			ResolveRequiredComponents (7ms)
	FinalizeReload (883ms)
		ReleaseScriptCaches (0ms)
		RebuildScriptCaches (0ms)
		SetupLoadedEditorAssemblies (594ms)
			LogAssemblyErrors (0ms)
			InitializePlatformSupportModulesInManaged (29ms)
			SetLoadedEditorAssemblies (5ms)
			RefreshPlugins (0ms)
			BeforeProcessingInitializeOnLoad (85ms)
			ProcessInitializeOnLoadAttributes (405ms)
			ProcessInitializeOnLoadMethodAttributes (58ms)
			AfterProcessingInitializeOnLoad (10ms)
			EditorAssembliesLoaded (0ms)
		ExecutionOrderSort2 (0ms)
		AwakeInstancesAfterBackupRestoration (13ms)
Launched and connected shader compiler UnityShaderCompiler.exe after 0.08 seconds
Refreshing native plugins compatible for Editor in 3.81 ms, found 3 plugins.
Preloading 0 native plugins for Editor in 0.00 ms.
Unloading 3138 Unused Serialized files (Serialized files now loaded: 0)
Unloading 33 unused Assets / (59.0 KB). Loaded Objects now: 3603.
Memory consumption went from 189.3 MB to 189.2 MB.
Total: 5.831800 ms (FindLiveObjects: 0.812300 ms CreateObjectMapping: 0.439500 ms MarkObjects: 4.340000 ms  DeleteObjects: 0.236500 ms)

AssetImportParameters requested are different than current active one (requested -> active):
  custom:container-demuxer-ogg: 62fdf1f143b41e24485cea50d1cbac27 -> 
  custom:video-codec-MediaFoundation-h265: 746d11721c4dcdbdad8f713fa42b33f4 -> 
  custom:video-decoder-ogg-theora: a1e56fd34408186e4bbccfd4996cb3dc -> 
  custom:framework-win-MediaFoundation: 216162199b28c13a410421893ffa2e32 -> 
  custom:CustomObjectIndexerAttribute: 9a22284fe3817be447336de3de66b15e -> 
  custom:container-demuxer-webm: 4f35f7cbe854078d1ac9338744f61a02 -> 
  custom:container-muxer-webm: aa71ff27fc2769a1b78a27578f13a17b -> 
  custom:video-decoder-webm-vp8: 9c59270c3fd7afecdb556c50c9e8de78 -> 
  custom:SearchIndexIgnoredProperties: e643bd26f0fe6173181afceb89e7c659 -> 
  custom:AudioImporter_EditorPlatform: d09bf68614088b80899f8185d706f6e7 -> 
  custom:video-encoder-webm-vp8: eb34c28f22e8b96e1ab97ce403110664 -> 
  custom:audio-decoder-ogg-vorbis: bf7c407c2cedff20999df2af8eb42d56 -> 
  custom:audio-encoder-webm-vorbis: bf7c407c2cedff20999df2af8eb42d56 -> 
========================================================================
Received Import Request.
  Time since last request: 38247.616656 seconds.
  path: Assets/3D Game/Polytope Studio/Lowpoly_Props/Sources/Textures/PT_Props_Texture_01.png
  artifactKey: Guid(e4553ab0125662f42b497b41a40da8e9) Importer(2089858483,0ecaa5967403d082aa24f35e1b516d23)
Start importing Assets/3D Game/Polytope Studio/Lowpoly_Props/Sources/Textures/PT_Props_Texture_01.png using Guid(e4553ab0125662f42b497b41a40da8e9) Importer(2089858483,0ecaa5967403d082aa24f35e1b516d23)  -> (artifact id: '75edc47f36b66e3deae63b6ff2ca1699') in 0.181321 seconds
Number of updated asset objects reloaded before import = 0
Number of asset objects unloaded after import = 1
========================================================================
Received Import Request.
  Time since last request: 0.000029 seconds.
  path: Assets/3D Game/Free medieval weapons/Prefabs/Axe_OS.prefab
  artifactKey: Guid(1fa34df54f1414448b502a85dfa4a95c) Importer(2089858483,0ecaa5967403d082aa24f35e1b516d23)
Start importing Assets/3D Game/Free medieval weapons/Prefabs/Axe_OS.prefab using Guid(1fa34df54f1414448b502a85dfa4a95c) Importer(2089858483,0ecaa5967403d082aa24f35e1b516d23)  -> (artifact id: '03b158828822043e9d0a18a0f1784c51') in 0.060129 seconds
Number of updated asset objects reloaded before import = 0
Number of asset objects unloaded after import = 7
========================================================================
Received Import Request.
  Time since last request: 0.000043 seconds.
  path: Assets/3D Game/Free medieval weapons/Textures/Arrows_Arrows_MetallicSmoothness.png
  artifactKey: Guid(d3e1f432b8025174a8f990ee91f60053) Importer(2089858483,0ecaa5967403d082aa24f35e1b516d23)
Start importing Assets/3D Game/Free medieval weapons/Textures/Arrows_Arrows_MetallicSmoothness.png using Guid(d3e1f432b8025174a8f990ee91f60053) Importer(2089858483,0ecaa5967403d082aa24f35e1b516d23)  -> (artifact id: '18bfe44deeb9805446e3b3a3f67f7af9') in 0.042599 seconds
Number of updated asset objects reloaded before import = 0
Number of asset objects unloaded after import = 1
========================================================================
Received Import Request.
  Time since last request: 0.000048 seconds.
  path: Assets/3D Game/Polytope Studio/Lowpoly_Environments/Sources/Textures/PT_Tree_Trunk_01.png
  artifactKey: Guid(5733ec0c27e7c9d41a230d27ca7b85d4) Importer(2089858483,0ecaa5967403d082aa24f35e1b516d23)
Start importing Assets/3D Game/Polytope Studio/Lowpoly_Environments/Sources/Textures/PT_Tree_Trunk_01.png using Guid(5733ec0c27e7c9d41a230d27ca7b85d4) Importer(2089858483,0ecaa5967403d082aa24f35e1b516d23)  -> (artifact id: '2948ee8eceb1765fdffab38d588187a4') in 0.035988 seconds
Number of updated asset objects reloaded before import = 0
Number of asset objects unloaded after import = 1
========================================================================
Received Import Request.
  Time since last request: 0.000050 seconds.
  path: Assets/3D Game/Audio/switch28.ogg
  artifactKey: Guid(d5181a0358532344dbaffed6a1bc473f) Importer(2089858483,0ecaa5967403d082aa24f35e1b516d23)
Start importing Assets/3D Game/Audio/switch28.ogg using Guid(d5181a0358532344dbaffed6a1bc473f) Importer(2089858483,0ecaa5967403d082aa24f35e1b516d23)  -> (artifact id: 'f901c267299dd0e78f966564fa296d19') in 0.081597 seconds
Number of updated asset objects reloaded before import = 0
Number of asset objects unloaded after import = 1
========================================================================
Received Import Request.
  Time since last request: 0.000031 seconds.
  path: Assets/3D Game/Polytope Studio/Lowpoly_Environments/Sources/Meshes/Rocks/PT_Ore_Rock_01_split.fbx
  artifactKey: Guid(e011a827265c38e44baeae9310a2a9e2) Importer(2089858483,0ecaa5967403d082aa24f35e1b516d23)
Start importing Assets/3D Game/Polytope Studio/Lowpoly_Environments/Sources/Meshes/Rocks/PT_Ore_Rock_01_split.fbx using Guid(e011a827265c38e44baeae9310a2a9e2) Importer(2089858483,0ecaa5967403d082aa24f35e1b516d23)  -> (artifact id: 'a00ecb532c458863d84fddabfdfd1fa3') in 0.063133 seconds
Number of updated asset objects reloaded before import = 0
Number of asset objects unloaded after import = 20
========================================================================
Received Import Request.
  Time since last request: 0.000026 seconds.
  path: Assets/3D Game/Polytope Studio/Lowpoly_Environments/Sources/Meshes/Rocks/PT_Menhir_Rock_02.fbx
  artifactKey: Guid(e0fe1b80592a0144babd1bf297ad32ad) Importer(2089858483,0ecaa5967403d082aa24f35e1b516d23)
Start importing Assets/3D Game/Polytope Studio/Lowpoly_Environments/Sources/Meshes/Rocks/PT_Menhir_Rock_02.fbx using Guid(e0fe1b80592a0144babd1bf297ad32ad) Importer(2089858483,0ecaa5967403d082aa24f35e1b516d23)  -> (artifact id: 'd09ee7c4ac395ff972f918be29a25cd8') in 0.035156 seconds
Number of updated asset objects reloaded before import = 0
Number of asset objects unloaded after import = 20
========================================================================
Received Import Request.
  Time since last request: 0.000068 seconds.
  path: Assets/3D Game/Polytope Studio/Lowpoly_Environments/Sources/Meshes/Trees/PT_Fruit_Tree_01_pears.fbx
  artifactKey: Guid(ab5654911e4a8494190af9551d81ea81) Importer(2089858483,0ecaa5967403d082aa24f35e1b516d23)
Start importing Assets/3D Game/Polytope Studio/Lowpoly_Environments/Sources/Meshes/Trees/PT_Fruit_Tree_01_pears.fbx using Guid(ab5654911e4a8494190af9551d81ea81) Importer(2089858483,0ecaa5967403d082aa24f35e1b516d23)  -> (artifact id: '1eaf9e81fe686501c90f134e7c8885fc') in 0.043331 seconds
Number of updated asset objects reloaded before import = 0
Number of asset objects unloaded after import = 20
========================================================================
Received Import Request.
  Time since last request: 0.000051 seconds.
  path: Assets/3D Game/Polytope Studio/Lowpoly_Environments/Sources/Meshes/Trees/PT_Fruit_Tree_01_dead_cut.fbx
  artifactKey: Guid(ddcbcdd7a43212c4d86fe33f77dac074) Importer(2089858483,0ecaa5967403d082aa24f35e1b516d23)
Start importing Assets/3D Game/Polytope Studio/Lowpoly_Environments/Sources/Meshes/Trees/PT_Fruit_Tree_01_dead_cut.fbx using Guid(ddcbcdd7a43212c4d86fe33f77dac074) Importer(2089858483,0ecaa5967403d082aa24f35e1b516d23)  -> (artifact id: '1f308a36f420949bf35640c6ac5af4d8') in 0.039056 seconds
Number of updated asset objects reloaded before import = 0
Number of asset objects unloaded after import = 7
========================================================================
Received Import Request.
  Time since last request: 0.000030 seconds.
  path: Assets/3D Game/Polytope Studio/Lowpoly_Characters/Sources/Modular_NPC/Shaders/PT_Modular_NPC_Shader_PBR.shader
  artifactKey: Guid(5fdb92501eac48d4a87329098a14e790) Importer(2089858483,0ecaa5967403d082aa24f35e1b516d23)
Start importing Assets/3D Game/Polytope Studio/Lowpoly_Characters/Sources/Modular_NPC/Shaders/PT_Modular_NPC_Shader_PBR.shader using Guid(5fdb92501eac48d4a87329098a14e790) Importer(2089858483,0ecaa5967403d082aa24f35e1b516d23)  -> (artifact id: '4eef389648fa8347139c4bcd4b14f040') in 0.026663 seconds
Number of updated asset objects reloaded before import = 0
Number of asset objects unloaded after import = 1
========================================================================
Received Import Request.
  Time since last request: 0.000046 seconds.
  path: Assets/3D Game/Audio/rollover1.ogg
  artifactKey: Guid(783724956c8ea5e4b91e1d47a09828b3) Importer(2089858483,0ecaa5967403d082aa24f35e1b516d23)
Start importing Assets/3D Game/Audio/rollover1.ogg using Guid(783724956c8ea5e4b91e1d47a09828b3) Importer(2089858483,0ecaa5967403d082aa24f35e1b516d23)  -> (artifact id: '9cb49b32043d8f47d008033ab455f327') in 0.062798 seconds
Number of updated asset objects reloaded before import = 0
Number of asset objects unloaded after import = 1
========================================================================
Received Import Request.
  Time since last request: 0.000024 seconds.
  path: Assets/3D Game/Polytope Studio/Lowpoly_Environments/Sources/Materials/PT_Generic_Tree_Trunk_mat.mat
  artifactKey: Guid(e6ce4253a748b0849a04b87f33cc539d) Importer(2089858483,0ecaa5967403d082aa24f35e1b516d23)
Start importing Assets/3D Game/Polytope Studio/Lowpoly_Environments/Sources/Materials/PT_Generic_Tree_Trunk_mat.mat using Guid(e6ce4253a748b0849a04b87f33cc539d) Importer(2089858483,0ecaa5967403d082aa24f35e1b516d23)  -> (artifact id: '1761d3ca127276f7f96f2eef1db01d56') in 0.176845 seconds
Number of updated asset objects reloaded before import = 0
Number of asset objects unloaded after import = 2
========================================================================
Received Import Request.
  Time since last request: 0.000069 seconds.
  path: Assets/SimpleNaturePack/Scenes/SimpleNaturePack_DemoSettings.lighting
  artifactKey: Guid(70f1fbbec25a32b468ffc334f5f6dca3) Importer(2089858483,0ecaa5967403d082aa24f35e1b516d23)
Start importing Assets/SimpleNaturePack/Scenes/SimpleNaturePack_DemoSettings.lighting using Guid(70f1fbbec25a32b468ffc334f5f6dca3) Importer(2089858483,0ecaa5967403d082aa24f35e1b516d23)  -> (artifact id: '44c8d22bd014072681e2a80270354f4e') in 0.043703 seconds
Number of updated asset objects reloaded before import = 0
Number of asset objects unloaded after import = 1
========================================================================
Received Import Request.
  Time since last request: 0.000043 seconds.
  path: Assets/3D Game/Polytope Studio/Lowpoly_Characters/Prefabs/Modular_NPC/Peasants_Citizens/Sets/PT_Boy_Peasant_01.prefab
  artifactKey: Guid(03fb6f49d936d5e429b639fccb1f29a6) Importer(2089858483,0ecaa5967403d082aa24f35e1b516d23)
Start importing Assets/3D Game/Polytope Studio/Lowpoly_Characters/Prefabs/Modular_NPC/Peasants_Citizens/Sets/PT_Boy_Peasant_01.prefab using Guid(03fb6f49d936d5e429b639fccb1f29a6) Importer(2089858483,0ecaa5967403d082aa24f35e1b516d23)  -> (artifact id: 'ef87920e085bbfec5a44a9dc522d8fd2') in 0.046496 seconds
Number of updated asset objects reloaded before import = 0
Number of asset objects unloaded after import = 194
========================================================================
Received Import Request.
  Time since last request: 0.000026 seconds.
  path: Assets/3D Game/Polytope Studio/Lowpoly_Characters/Prefabs/Modular_NPC/Peasants_Citizens/Separate_Parts/PT_Boy_Naked_lower.prefab
  artifactKey: Guid(f6ef5b94d647b4048af7c97f0e0875cd) Importer(2089858483,0ecaa5967403d082aa24f35e1b516d23)
Start importing Assets/3D Game/Polytope Studio/Lowpoly_Characters/Prefabs/Modular_NPC/Peasants_Citizens/Separate_Parts/PT_Boy_Naked_lower.prefab using Guid(f6ef5b94d647b4048af7c97f0e0875cd) Importer(2089858483,0ecaa5967403d082aa24f35e1b516d23)  -> (artifact id: '5a3195cdb89ea7e442212765400843d6') in 0.037048 seconds
Number of updated asset objects reloaded before import = 0
Number of asset objects unloaded after import = 164
========================================================================
Received Import Request.
  Time since last request: 0.000041 seconds.
  path: Assets/3D Game/Polytope Studio/Lowpoly_Characters/Sources/Modular_NPC/Meshes/Peasants_Citizens/Separate_Parts/PT_Female_Peasant_01_head.fbx
  artifactKey: Guid(7c6ae11abe184424aa995e6a06b14796) Importer(2089858483,0ecaa5967403d082aa24f35e1b516d23)
Start importing Assets/3D Game/Polytope Studio/Lowpoly_Characters/Sources/Modular_NPC/Meshes/Peasants_Citizens/Separate_Parts/PT_Female_Peasant_01_head.fbx using Guid(7c6ae11abe184424aa995e6a06b14796) Importer(2089858483,0ecaa5967403d082aa24f35e1b516d23)  -> (artifact id: '2e3fa818c402ab21c42f3ff15e968a86') in 0.040629 seconds
Number of updated asset objects reloaded before import = 0
Number of asset objects unloaded after import = 165
========================================================================
Received Import Request.
  Time since last request: 0.000027 seconds.
  path: Assets/3D Game/Polytope Studio/Lowpoly_Characters/Sources/Modular_NPC/Meshes/Peasants_Citizens/Separate_Parts/PT_Boy_Naked_upper.fbx
  artifactKey: Guid(e8e1ef42edc81a14f94e710dda34907b) Importer(2089858483,0ecaa5967403d082aa24f35e1b516d23)
Start importing Assets/3D Game/Polytope Studio/Lowpoly_Characters/Sources/Modular_NPC/Meshes/Peasants_Citizens/Separate_Parts/PT_Boy_Naked_upper.fbx using Guid(e8e1ef42edc81a14f94e710dda34907b) Importer(2089858483,0ecaa5967403d082aa24f35e1b516d23)  -> (artifact id: '9cde7f7af973997c3d00b88b7d881fed') in 0.038270 seconds
Number of updated asset objects reloaded before import = 0
Number of asset objects unloaded after import = 165
========================================================================
Received Import Request.
  Time since last request: 0.000029 seconds.
  path: Assets/3D Game/Polytope Studio/Lowpoly_Characters/Prefabs/Modular_NPC/Peasants_Citizens/Separate_Parts/PT_Female_Peasant_01_upper_short.prefab
  artifactKey: Guid(85c7f6c2872deb9468e9dbe50f4163ef) Importer(2089858483,0ecaa5967403d082aa24f35e1b516d23)
Start importing Assets/3D Game/Polytope Studio/Lowpoly_Characters/Prefabs/Modular_NPC/Peasants_Citizens/Separate_Parts/PT_Female_Peasant_01_upper_short.prefab using Guid(85c7f6c2872deb9468e9dbe50f4163ef) Importer(2089858483,0ecaa5967403d082aa24f35e1b516d23)  -> (artifact id: '080008659c8dce02e2e281b37fc151e3') in 0.027731 seconds
Number of updated asset objects reloaded before import = 0
Number of asset objects unloaded after import = 164
========================================================================
Received Import Request.
  Time since last request: 0.000049 seconds.
  path: Assets/3D Game/Polytope Studio/Lowpoly_Characters/Prefabs/Modular_NPC/Peasants_Citizens/Separate_Parts/PT_Boy_Peasant_01_head.prefab
  artifactKey: Guid(698edec440ee64b469409309f8e18e2a) Importer(2089858483,0ecaa5967403d082aa24f35e1b516d23)
Start importing Assets/3D Game/Polytope Studio/Lowpoly_Characters/Prefabs/Modular_NPC/Peasants_Citizens/Separate_Parts/PT_Boy_Peasant_01_head.prefab using Guid(698edec440ee64b469409309f8e18e2a) Importer(2089858483,0ecaa5967403d082aa24f35e1b516d23)  -> (artifact id: '6b03c9810d08ef5a1b3d444186d16f10') in 0.038872 seconds
Number of updated asset objects reloaded before import = 0
Number of asset objects unloaded after import = 164
========================================================================
Received Import Request.
  Time since last request: 0.000035 seconds.
  path: Assets/3D Game/Polytope Studio/Lowpoly_Characters/Sources/Modular_NPC/Meshes/Peasants_Citizens/PT_Male_Modular_Free_Pack.fbx
  artifactKey: Guid(bd83b7da59c20464288209a8d297eb23) Importer(2089858483,0ecaa5967403d082aa24f35e1b516d23)
Start importing Assets/3D Game/Polytope Studio/Lowpoly_Characters/Sources/Modular_NPC/Meshes/Peasants_Citizens/PT_Male_Modular_Free_Pack.fbx using Guid(bd83b7da59c20464288209a8d297eb23) Importer(2089858483,0ecaa5967403d082aa24f35e1b516d23)  -> (artifact id: '69a0d182d1b6d15734bc5dad789df41d') in 0.047355 seconds
Number of updated asset objects reloaded before import = 0
Number of asset objects unloaded after import = 206
========================================================================
Received Import Request.
  Time since last request: 0.000056 seconds.
  path: Assets/3D Game/Polytope Studio/Lowpoly_Characters/Prefabs/Modular_NPC/Peasants_Citizens/Separate_Parts/PT_Boy_Naked_upper.prefab
  artifactKey: Guid(1db0d98610e2e2b49a1edb21068e0eae) Importer(2089858483,0ecaa5967403d082aa24f35e1b516d23)
Start importing Assets/3D Game/Polytope Studio/Lowpoly_Characters/Prefabs/Modular_NPC/Peasants_Citizens/Separate_Parts/PT_Boy_Naked_upper.prefab using Guid(1db0d98610e2e2b49a1edb21068e0eae) Importer(2089858483,0ecaa5967403d082aa24f35e1b516d23)  -> (artifact id: 'ff61767676b4eb83c3fe75cda4f2e12d') in 0.028021 seconds
Number of updated asset objects reloaded before import = 0
Number of asset objects unloaded after import = 164
========================================================================
Received Import Request.
  Time since last request: 0.000035 seconds.
  path: Assets/3D Game/Polytope Studio/Lowpoly_Characters/Sources/Modular_NPC/Meshes/Peasants_Citizens/Separate_Parts/PT_Male_Naked_upper.fbx
  artifactKey: Guid(c04890d9ade74e9408b9c82ab70e9582) Importer(2089858483,0ecaa5967403d082aa24f35e1b516d23)
Start importing Assets/3D Game/Polytope Studio/Lowpoly_Characters/Sources/Modular_NPC/Meshes/Peasants_Citizens/Separate_Parts/PT_Male_Naked_upper.fbx using Guid(c04890d9ade74e9408b9c82ab70e9582) Importer(2089858483,0ecaa5967403d082aa24f35e1b516d23)  -> (artifact id: 'c32f87c83335b89f2012cf3fb5ddbf0b') in 0.030932 seconds
Number of updated asset objects reloaded before import = 0
Number of asset objects unloaded after import = 165
========================================================================
Received Import Request.
  Time since last request: 0.000039 seconds.
  path: Assets/3D Game/Polytope Studio/Lowpoly_Characters/Sources/Modular_NPC/Meshes/Peasants_Citizens/Separate_Parts/PT_Male_Naked_lower.fbx
  artifactKey: Guid(6ae936d15194e914d9e51edca302923d) Importer(2089858483,0ecaa5967403d082aa24f35e1b516d23)
Start importing Assets/3D Game/Polytope Studio/Lowpoly_Characters/Sources/Modular_NPC/Meshes/Peasants_Citizens/Separate_Parts/PT_Male_Naked_lower.fbx using Guid(6ae936d15194e914d9e51edca302923d) Importer(2089858483,0ecaa5967403d082aa24f35e1b516d23)  -> (artifact id: 'e9f77dd78ac854ef945552468b8eeb2f') in 0.039151 seconds
Number of updated asset objects reloaded before import = 0
Number of asset objects unloaded after import = 165
========================================================================
Received Import Request.
  Time since last request: 0.000035 seconds.
  path: Assets/3D Game/Polytope Studio/Lowpoly_Environments/Sources/Meshes/Plants/PT_Grass_02.fbx
  artifactKey: Guid(8c71f03fcb0c13644a30696cafc5cda8) Importer(2089858483,0ecaa5967403d082aa24f35e1b516d23)
Start importing Assets/3D Game/Polytope Studio/Lowpoly_Environments/Sources/Meshes/Plants/PT_Grass_02.fbx using Guid(8c71f03fcb0c13644a30696cafc5cda8) Importer(2089858483,0ecaa5967403d082aa24f35e1b516d23)  -> (artifact id: '01a3f32a85c8d6427f7c34057ce52025') in 0.034523 seconds
Number of updated asset objects reloaded before import = 0
Number of asset objects unloaded after import = 20
========================================================================
Received Import Request.
  Time since last request: 0.000055 seconds.
  path: Assets/3D Game/Polytope Studio/Lowpoly_Characters/Prefabs/Modular_NPC/Peasants_Citizens/PT_Female_Modular_Free_Pack.prefab
  artifactKey: Guid(4a2f1fe7e36596049b29f061a77ff748) Importer(2089858483,0ecaa5967403d082aa24f35e1b516d23)
Start importing Assets/3D Game/Polytope Studio/Lowpoly_Characters/Prefabs/Modular_NPC/Peasants_Citizens/PT_Female_Modular_Free_Pack.prefab using Guid(4a2f1fe7e36596049b29f061a77ff748) Importer(2089858483,0ecaa5967403d082aa24f35e1b516d23)  -> (artifact id: '3ef1cdf215f7ed0636314f972c0bfcdb') in 0.034859 seconds
Number of updated asset objects reloaded before import = 0
Number of asset objects unloaded after import = 210
========================================================================
Received Import Request.
  Time since last request: 0.000029 seconds.
  path: Assets/3D Game/Polytope Studio/Lowpoly_Environments/Sources/Materials/PT_Water_mat.mat
  artifactKey: Guid(3e36df56c6fa5f64085c14d9d4f6f8d9) Importer(2089858483,0ecaa5967403d082aa24f35e1b516d23)
Start importing Assets/3D Game/Polytope Studio/Lowpoly_Environments/Sources/Materials/PT_Water_mat.mat using Guid(3e36df56c6fa5f64085c14d9d4f6f8d9) Importer(2089858483,0ecaa5967403d082aa24f35e1b516d23)  -> (artifact id: '5ea2519eb41c53e93d3321671fc0a9bf') in 0.041648 seconds
Number of updated asset objects reloaded before import = 0
Number of asset objects unloaded after import = 2
========================================================================
Received Import Request.
  Time since last request: 0.000039 seconds.
  path: Assets/3D Game/Polytope Studio/Lowpoly_Characters/Sources/Modular_NPC/Meshes/Peasants_Citizens/Sets/PT_Female_Peasant_01_b.fbx
  artifactKey: Guid(f2421cc96f14d77439c406fa9c64f7f4) Importer(2089858483,0ecaa5967403d082aa24f35e1b516d23)
Start importing Assets/3D Game/Polytope Studio/Lowpoly_Characters/Sources/Modular_NPC/Meshes/Peasants_Citizens/Sets/PT_Female_Peasant_01_b.fbx using Guid(f2421cc96f14d77439c406fa9c64f7f4) Importer(2089858483,0ecaa5967403d082aa24f35e1b516d23)  -> (artifact id: '0e96cb33b3e78f026e7e8476e3c269a2') in 0.037196 seconds
Number of updated asset objects reloaded before import = 0
Number of asset objects unloaded after import = 194
========================================================================
Received Import Request.
  Time since last request: 0.000050 seconds.
  path: Assets/3D Game/Polytope Studio/Lowpoly_Characters/Sources/Modular_NPC/Meshes/Peasants_Citizens/Sets/PT_Female_Naked.fbx
  artifactKey: Guid(c63dc6b79c3287b42bfb876bf0a95fb0) Importer(2089858483,0ecaa5967403d082aa24f35e1b516d23)
Start importing Assets/3D Game/Polytope Studio/Lowpoly_Characters/Sources/Modular_NPC/Meshes/Peasants_Citizens/Sets/PT_Female_Naked.fbx using Guid(c63dc6b79c3287b42bfb876bf0a95fb0) Importer(2089858483,0ecaa5967403d082aa24f35e1b516d23)  -> (artifact id: 'f73842b2a77beacddac4563c7ab953e4') in 0.055000 seconds
Number of updated asset objects reloaded before import = 0
Number of asset objects unloaded after import = 194
========================================================================
Received Import Request.
  Time since last request: 0.000040 seconds.
  path: Assets/Prefabs/Player.prefab
  artifactKey: Guid(ea9fbf98fe6c79349b748bf9a2011c35) Importer(2089858483,0ecaa5967403d082aa24f35e1b516d23)
Start importing Assets/Prefabs/Player.prefab using Guid(ea9fbf98fe6c79349b748bf9a2011c35) Importer(2089858483,0ecaa5967403d082aa24f35e1b516d23)  -> (artifact id: '21cf45e2118aa7d8215c06f90008ec0c') in 0.060641 seconds
Number of updated asset objects reloaded before import = 0
Number of asset objects unloaded after import = 222
========================================================================
Received Import Request.
  Time since last request: 0.000026 seconds.
  path: Assets/3D Game/asoliddev - Low Poly Fantasy Warrior/Materials/leather 5.mat
  artifactKey: Guid(921663dfebf9c824f8503f6b137800de) Importer(2089858483,0ecaa5967403d082aa24f35e1b516d23)
Start importing Assets/3D Game/asoliddev - Low Poly Fantasy Warrior/Materials/leather 5.mat using Guid(921663dfebf9c824f8503f6b137800de) Importer(2089858483,0ecaa5967403d082aa24f35e1b516d23)  -> (artifact id: '84d7645a59f84690ea3e56452ce560c6') in 0.019649 seconds
Number of updated asset objects reloaded before import = 0
Number of asset objects unloaded after import = 1
========================================================================
Received Import Request.
  Time since last request: 0.000036 seconds.
  path: Assets/SimpleNaturePack/Models/Tree_01.fbx
  artifactKey: Guid(6c7eaede4efc960409fb9ef2dfb77f29) Importer(2089858483,0ecaa5967403d082aa24f35e1b516d23)
Start importing Assets/SimpleNaturePack/Models/Tree_01.fbx using Guid(6c7eaede4efc960409fb9ef2dfb77f29) Importer(2089858483,0ecaa5967403d082aa24f35e1b516d23)  -> (artifact id: 'f2b8ca287f69ff573c2f4a82869d139c') in 0.026614 seconds
Number of updated asset objects reloaded before import = 0
Number of asset objects unloaded after import = 15
========================================================================
Received Import Request.
  Time since last request: 0.000029 seconds.
  path: Assets/3D Game/Polytope Studio/Lowpoly_Characters/Prefabs/Modular_NPC/Peasants_Citizens/Separate_Parts/PT_Male_Peasant_01_upper.prefab
  artifactKey: Guid(bfda4cb70c595b44f876c30eaaf36d03) Importer(2089858483,0ecaa5967403d082aa24f35e1b516d23)
Start importing Assets/3D Game/Polytope Studio/Lowpoly_Characters/Prefabs/Modular_NPC/Peasants_Citizens/Separate_Parts/PT_Male_Peasant_01_upper.prefab using Guid(bfda4cb70c595b44f876c30eaaf36d03) Importer(2089858483,0ecaa5967403d082aa24f35e1b516d23)  -> (artifact id: '22ec0b05257df3b7c8e8bc703aa65904') in 0.041806 seconds
Number of updated asset objects reloaded before import = 0
Number of asset objects unloaded after import = 164
========================================================================
Received Import Request.
  Time since last request: 0.000039 seconds.
  path: Assets/3D Game/Polytope Studio/Lowpoly_Environments/Sources/Textures/PT_Mushrooms_01.png
  artifactKey: Guid(9a9ed1d4f54a1ce4a9331c6a1a926976) Importer(2089858483,0ecaa5967403d082aa24f35e1b516d23)
Start importing Assets/3D Game/Polytope Studio/Lowpoly_Environments/Sources/Textures/PT_Mushrooms_01.png using Guid(9a9ed1d4f54a1ce4a9331c6a1a926976) Importer(2089858483,0ecaa5967403d082aa24f35e1b516d23)  -> (artifact id: '56bfc13273a5a03fd216a1c569e9a3a9') in 0.025931 seconds
Number of updated asset objects reloaded before import = 0
Number of asset objects unloaded after import = 1
========================================================================
Received Import Request.
  Time since last request: 0.000048 seconds.
  path: Assets/SimpleNaturePack/Prefabs/Flowers_01.prefab
  artifactKey: Guid(ac8efb728f1fb9b4092c4df591c827ca) Importer(2089858483,0ecaa5967403d082aa24f35e1b516d23)
Start importing Assets/SimpleNaturePack/Prefabs/Flowers_01.prefab using Guid(ac8efb728f1fb9b4092c4df591c827ca) Importer(2089858483,0ecaa5967403d082aa24f35e1b516d23)  -> (artifact id: '24b61a721876950e72a94a1cad899089') in 0.016157 seconds
Number of updated asset objects reloaded before import = 0
Number of asset objects unloaded after import = 16
========================================================================
Received Import Request.
  Time since last request: 0.000024 seconds.
  path: Assets/3D Game/Audio/switch11.ogg
  artifactKey: Guid(1e71ae10e8b3cf34b932c3a81feb988a) Importer(2089858483,0ecaa5967403d082aa24f35e1b516d23)
Start importing Assets/3D Game/Audio/switch11.ogg using Guid(1e71ae10e8b3cf34b932c3a81feb988a) Importer(2089858483,0ecaa5967403d082aa24f35e1b516d23)  -> (artifact id: '5f798a3adaeea2196f33ca91304b9715') in 0.064968 seconds
Number of updated asset objects reloaded before import = 0
Number of asset objects unloaded after import = 1
========================================================================
Received Import Request.
  Time since last request: 0.000056 seconds.
  path: Assets/Scenes/Main Scene/NavMesh.asset
  artifactKey: Guid(34b3a2f71bef72040897a6b6e20b41dd) Importer(2089858483,0ecaa5967403d082aa24f35e1b516d23)
Start importing Assets/Scenes/Main Scene/NavMesh.asset using Guid(34b3a2f71bef72040897a6b6e20b41dd) Importer(2089858483,0ecaa5967403d082aa24f35e1b516d23)  -> (artifact id: 'ae423e3a4f8f5eadfae416cc03f71af6') in 0.032726 seconds
Number of updated asset objects reloaded before import = 0
Number of asset objects unloaded after import = 1
========================================================================
Received Import Request.
  Time since last request: 0.000045 seconds.
  path: Assets/3D Game/Polytope Studio/Lowpoly_Characters/Prefabs/Modular_NPC/Peasants_Citizens/PT_Boy_Modular_Free_Pack.prefab
  artifactKey: Guid(0da600d002dc6404693c3b74e0265a3c) Importer(2089858483,0ecaa5967403d082aa24f35e1b516d23)
Start importing Assets/3D Game/Polytope Studio/Lowpoly_Characters/Prefabs/Modular_NPC/Peasants_Citizens/PT_Boy_Modular_Free_Pack.prefab using Guid(0da600d002dc6404693c3b74e0265a3c) Importer(2089858483,0ecaa5967403d082aa24f35e1b516d23)  -> (artifact id: '59cca44b83b9807916ce699dabb73b53') in 0.033106 seconds
Number of updated asset objects reloaded before import = 0
Number of asset objects unloaded after import = 206
========================================================================
Received Prepare
Refreshing native plugins compatible for Editor in 3.54 ms, found 3 plugins.
Preloading 0 native plugins for Editor in 0.00 ms.
Unloading 0 Unused Serialized files (Serialized files now loaded: 0)
Unloading 1 unused Assets / (0.9 KB). Loaded Objects now: 3603.
Memory consumption went from 136.3 MB to 136.3 MB.
Total: 4.149300 ms (FindLiveObjects: 0.357400 ms CreateObjectMapping: 0.193300 ms MarkObjects: 3.564300 ms  DeleteObjects: 0.033200 ms)

Prepare: number of updated asset objects reloaded= 0
AssetImportParameters requested are different than current active one (requested -> active):
  custom:container-demuxer-ogg: 62fdf1f143b41e24485cea50d1cbac27 -> 
  custom:video-codec-MediaFoundation-h265: 746d11721c4dcdbdad8f713fa42b33f4 -> 
  custom:video-decoder-ogg-theora: a1e56fd34408186e4bbccfd4996cb3dc -> 
  custom:framework-win-MediaFoundation: 216162199b28c13a410421893ffa2e32 -> 
  custom:CustomObjectIndexerAttribute: 9a22284fe3817be447336de3de66b15e -> 
  custom:container-demuxer-webm: 4f35f7cbe854078d1ac9338744f61a02 -> 
  custom:container-muxer-webm: aa71ff27fc2769a1b78a27578f13a17b -> 
  custom:video-decoder-webm-vp8: 9c59270c3fd7afecdb556c50c9e8de78 -> 
  custom:SearchIndexIgnoredProperties: e643bd26f0fe6173181afceb89e7c659 -> 
  custom:AudioImporter_EditorPlatform: d09bf68614088b80899f8185d706f6e7 -> 
  custom:video-encoder-webm-vp8: eb34c28f22e8b96e1ab97ce403110664 -> 
  custom:audio-decoder-ogg-vorbis: bf7c407c2cedff20999df2af8eb42d56 -> 
  custom:audio-encoder-webm-vorbis: bf7c407c2cedff20999df2af8eb42d56 -> 
Editor requested this worker to shutdown with reason: Scaling down because of idle timeout
TcpMessagingSession - receive error: operation aborted. errorcode: 995, details: ќпераци€ ввода/вывода была прервана из-за завершени€ потока команд или по запросу приложени€.
AssetImportWorker is now disconnected from the server
Process exiting
Exiting without the bug reporter. Application will terminate with return code 0