Using pre-set license
Built from '2022.3/staging' branch; Version is '2022.3.29f1 (8d510ca76d2b) revision 9261324'; Using compiler version '192829333'; Build Type 'Release'
OS: 'Windows 11  (10.0.22631) 64bit CoreSingleLanguage' Language: 'ru' Physical Memory: 14170 MB
BatchMode: 1, IsHumanControllingUs: 0, StartBugReporterOnCrash: 0, Is64bit: 1, IsPro: 1

COMMAND LINE ARGUMENTS:
C:\Program Files\Unity\Hub\Editor\2022.3.29f1\Editor\Unity.exe
-adb2
-batchMode
-noUpm
-name
AssetImportWorker5
-projectPath
C:/Users/adrod/Documents/GitHub/Robolab-Contest-2024
-logFile
Logs/AssetImportWorker5.log
-srvPort
57330
Successfully changed project path to: C:/Users/adrod/Documents/GitHub/Robolab-Contest-2024
C:/Users/adrod/Documents/GitHub/Robolab-Contest-2024
[UnityMemory] Configuration Parameters - Can be set up in boot.config
    "memorysetup-bucket-allocator-granularity=16"
    "memorysetup-bucket-allocator-bucket-count=8"
    "memorysetup-bucket-allocator-block-size=33554432"
    "memorysetup-bucket-allocator-block-count=8"
    "memorysetup-main-allocator-block-size=16777216"
    "memorysetup-thread-allocator-block-size=16777216"
    "memorysetup-gfx-main-allocator-block-size=16777216"
    "memorysetup-gfx-thread-allocator-block-size=16777216"
    "memorysetup-cache-allocator-block-size=4194304"
    "memorysetup-typetree-allocator-block-size=2097152"
    "memorysetup-profiler-bucket-allocator-granularity=16"
    "memorysetup-profiler-bucket-allocator-bucket-count=8"
    "memorysetup-profiler-bucket-allocator-block-size=33554432"
    "memorysetup-profiler-bucket-allocator-block-count=8"
    "memorysetup-profiler-allocator-block-size=16777216"
    "memorysetup-profiler-editor-allocator-block-size=1048576"
    "memorysetup-temp-allocator-size-main=16777216"
    "memorysetup-job-temp-allocator-block-size=2097152"
    "memorysetup-job-temp-allocator-block-size-background=1048576"
    "memorysetup-job-temp-allocator-reduction-small-platforms=262144"
    "memorysetup-allocator-temp-initial-block-size-main=262144"
    "memorysetup-allocator-temp-initial-block-size-worker=262144"
    "memorysetup-temp-allocator-size-background-worker=32768"
    "memorysetup-temp-allocator-size-job-worker=262144"
    "memorysetup-temp-allocator-size-preload-manager=33554432"
    "memorysetup-temp-allocator-size-nav-mesh-worker=65536"
    "memorysetup-temp-allocator-size-audio-worker=65536"
    "memorysetup-temp-allocator-size-cloud-worker=32768"
    "memorysetup-temp-allocator-size-gi-baking-worker=262144"
    "memorysetup-temp-allocator-size-gfx=262144"
Player connection [7956] Host "[IP] 172.16.1.15 [Port] 0 [Flags] 2 [Guid] 1610602076 [EditorId] 1610602076 [Version] 1048832 [Id] WindowsEditor(7,0AD) [Debug] 1 [PackageName] WindowsEditor [ProjectName] Editor" joined multi-casting on [225.0.0.222:54997]...

Player connection [7956] Host "[IP] 172.16.1.15 [Port] 0 [Flags] 2 [Guid] 1610602076 [EditorId] 1610602076 [Version] 1048832 [Id] WindowsEditor(7,0AD) [Debug] 1 [PackageName] WindowsEditor [ProjectName] Editor" joined alternative multi-casting on [225.0.0.222:34997]...

[Physics::Module] Initialized MultithreadedJobDispatcher with 15 workers.
Refreshing native plugins compatible for Editor in 8.50 ms, found 3 plugins.
Preloading 0 native plugins for Editor in 0.00 ms.
Initialize engine version: 2022.3.29f1 (8d510ca76d2b)
[Subsystems] Discovering subsystems at path C:/Program Files/Unity/Hub/Editor/2022.3.29f1/Editor/Data/Resources/UnitySubsystems
[Subsystems] Discovering subsystems at path C:/Users/adrod/Documents/GitHub/Robolab-Contest-2024/Assets
GfxDevice: creating device client; threaded=0; jobified=0
Direct3D:
    Version:  Direct3D 11.0 [level 11.1]
    Renderer: AMD Radeon(TM) Graphics (ID=0x164c)
    Vendor:   ATI
    VRAM:     7085 MB
    Driver:   31.0.21912.14
Initialize mono
Mono path[0] = 'C:/Program Files/Unity/Hub/Editor/2022.3.29f1/Editor/Data/Managed'
Mono path[1] = 'C:/Program Files/Unity/Hub/Editor/2022.3.29f1/Editor/Data/MonoBleedingEdge/lib/mono/unityjit-win32'
Mono config path = 'C:/Program Files/Unity/Hub/Editor/2022.3.29f1/Editor/Data/MonoBleedingEdge/etc'
Using monoOptions --debugger-agent=transport=dt_socket,embedding=1,server=y,suspend=n,address=127.0.0.1:56308
Begin MonoManager ReloadAssembly
Registering precompiled unity dll's ...
Register platform support module: C:/Program Files/Unity/Hub/Editor/2022.3.29f1/Editor/Data/PlaybackEngines/WebGLSupport/UnityEditor.WebGL.Extensions.dll
Register platform support module: C:/Program Files/Unity/Hub/Editor/2022.3.29f1/Editor/Data/PlaybackEngines/AndroidPlayer/UnityEditor.Android.Extensions.dll
Register platform support module: C:/Program Files/Unity/Hub/Editor/2022.3.29f1/Editor/Data/PlaybackEngines/WindowsStandaloneSupport/UnityEditor.WindowsStandalone.Extensions.dll
Registered in 0.007550 seconds.
- Loaded All Assemblies, in  0.503 seconds
Native extension for WindowsStandalone target not found
Native extension for Android target not found
Android Extension - Scanning For ADB Devices 402 ms
Native extension for WebGL target not found
Mono: successfully reloaded assembly
- Finished resetting the current domain, in  0.877 seconds
Domain Reload Profiling: 1379ms
	BeginReloadAssembly (153ms)
		ExecutionOrderSort (0ms)
		DisableScriptedObjects (0ms)
		BackupInstance (0ms)
		ReleaseScriptingObjects (0ms)
		CreateAndSetChildDomain (1ms)
	RebuildCommonClasses (41ms)
	RebuildNativeTypeToScriptingClass (16ms)
	initialDomainReloadingComplete (96ms)
	LoadAllAssembliesAndSetupDomain (195ms)
		LoadAssemblies (153ms)
		RebuildTransferFunctionScriptingTraits (0ms)
		AnalyzeDomain (190ms)
			TypeCache.Refresh (188ms)
				TypeCache.ScanAssembly (171ms)
			ScanForSourceGeneratedMonoScriptInfo (1ms)
			ResolveRequiredComponents (1ms)
	FinalizeReload (877ms)
		ReleaseScriptCaches (0ms)
		RebuildScriptCaches (0ms)
		SetupLoadedEditorAssemblies (791ms)
			LogAssemblyErrors (0ms)
			InitializePlatformSupportModulesInManaged (554ms)
			SetLoadedEditorAssemblies (5ms)
			RefreshPlugins (0ms)
			BeforeProcessingInitializeOnLoad (2ms)
			ProcessInitializeOnLoadAttributes (174ms)
			ProcessInitializeOnLoadMethodAttributes (56ms)
			AfterProcessingInitializeOnLoad (0ms)
			EditorAssembliesLoaded (0ms)
		ExecutionOrderSort2 (0ms)
		AwakeInstancesAfterBackupRestoration (0ms)
========================================================================
Worker process is ready to serve import requests
Begin MonoManager ReloadAssembly
- Loaded All Assemblies, in  1.043 seconds
Refreshing native plugins compatible for Editor in 3.91 ms, found 3 plugins.
Native extension for WindowsStandalone target not found
Native extension for Android target not found
Native extension for WebGL target not found
Package Manager log level set to [2]
[Package Manager] Server::EnsureServerProcessIsRunning -- launch failed, reason: Unity was launched with the -noUpm command-line argument
[Package Manager] UpmClient::Send -- Unable to send message (not connected to UPM process).
[Package Manager] Cannot connect to Unity Package Manager local server
Mono: successfully reloaded assembly
- Finished resetting the current domain, in  0.863 seconds
Domain Reload Profiling: 1904ms
	BeginReloadAssembly (241ms)
		ExecutionOrderSort (0ms)
		DisableScriptedObjects (6ms)
		BackupInstance (0ms)
		ReleaseScriptingObjects (0ms)
		CreateAndSetChildDomain (46ms)
	RebuildCommonClasses (59ms)
	RebuildNativeTypeToScriptingClass (12ms)
	initialDomainReloadingComplete (54ms)
	LoadAllAssembliesAndSetupDomain (674ms)
		LoadAssemblies (442ms)
		RebuildTransferFunctionScriptingTraits (0ms)
		AnalyzeDomain (361ms)
			TypeCache.Refresh (318ms)
				TypeCache.ScanAssembly (289ms)
			ScanForSourceGeneratedMonoScriptInfo (21ms)
			ResolveRequiredComponents (18ms)
	FinalizeReload (863ms)
		ReleaseScriptCaches (0ms)
		RebuildScriptCaches (0ms)
		SetupLoadedEditorAssemblies (593ms)
			LogAssemblyErrors (0ms)
			InitializePlatformSupportModulesInManaged (48ms)
			SetLoadedEditorAssemblies (4ms)
			RefreshPlugins (0ms)
			BeforeProcessingInitializeOnLoad (67ms)
			ProcessInitializeOnLoadAttributes (442ms)
			ProcessInitializeOnLoadMethodAttributes (27ms)
			AfterProcessingInitializeOnLoad (5ms)
			EditorAssembliesLoaded (1ms)
		ExecutionOrderSort2 (0ms)
		AwakeInstancesAfterBackupRestoration (8ms)
Launched and connected shader compiler UnityShaderCompiler.exe after 0.08 seconds
Refreshing native plugins compatible for Editor in 2.76 ms, found 3 plugins.
Preloading 0 native plugins for Editor in 0.00 ms.
Unloading 3138 Unused Serialized files (Serialized files now loaded: 0)
Unloading 33 unused Assets / (59.4 KB). Loaded Objects now: 3603.
Memory consumption went from 189.3 MB to 189.2 MB.
Total: 5.697600 ms (FindLiveObjects: 0.388900 ms CreateObjectMapping: 0.161900 ms MarkObjects: 4.798100 ms  DeleteObjects: 0.346300 ms)

AssetImportParameters requested are different than current active one (requested -> active):
  custom:container-demuxer-ogg: 62fdf1f143b41e24485cea50d1cbac27 -> 
  custom:video-codec-MediaFoundation-h265: 746d11721c4dcdbdad8f713fa42b33f4 -> 
  custom:video-decoder-ogg-theora: a1e56fd34408186e4bbccfd4996cb3dc -> 
  custom:framework-win-MediaFoundation: 216162199b28c13a410421893ffa2e32 -> 
  custom:CustomObjectIndexerAttribute: 9a22284fe3817be447336de3de66b15e -> 
  custom:container-demuxer-webm: 4f35f7cbe854078d1ac9338744f61a02 -> 
  custom:container-muxer-webm: aa71ff27fc2769a1b78a27578f13a17b -> 
  custom:video-decoder-webm-vp8: 9c59270c3fd7afecdb556c50c9e8de78 -> 
  custom:SearchIndexIgnoredProperties: e643bd26f0fe6173181afceb89e7c659 -> 
  custom:AudioImporter_EditorPlatform: d09bf68614088b80899f8185d706f6e7 -> 
  custom:video-encoder-webm-vp8: eb34c28f22e8b96e1ab97ce403110664 -> 
  custom:audio-decoder-ogg-vorbis: bf7c407c2cedff20999df2af8eb42d56 -> 
  custom:audio-encoder-webm-vorbis: bf7c407c2cedff20999df2af8eb42d56 -> 
========================================================================
Received Import Request.
  Time since last request: 38247.669244 seconds.
  path: Assets/3D Game/Polytope Studio/Lowpoly_Environments/Sources/Textures/PT_Ground_Grass_Green_01.png
  artifactKey: Guid(8c75ba30e5f76df4fb30725e4c9bf38a) Importer(2089858483,0ecaa5967403d082aa24f35e1b516d23)
Start importing Assets/3D Game/Polytope Studio/Lowpoly_Environments/Sources/Textures/PT_Ground_Grass_Green_01.png using Guid(8c75ba30e5f76df4fb30725e4c9bf38a) Importer(2089858483,0ecaa5967403d082aa24f35e1b516d23)  -> (artifact id: 'e2275c2b1d26ffe298a7894dc53f6acc') in 0.216239 seconds
Number of updated asset objects reloaded before import = 0
Number of asset objects unloaded after import = 1
========================================================================
Received Import Request.
  Time since last request: 0.000037 seconds.
  path: Assets/3D Game/Polytope Studio/Lowpoly_Demos/Peasants_Free_Asset/Prefabs/PT_Hayfork_011.prefab
  artifactKey: Guid(729cc6609d136e14183aa36295931d90) Importer(2089858483,0ecaa5967403d082aa24f35e1b516d23)
Start importing Assets/3D Game/Polytope Studio/Lowpoly_Demos/Peasants_Free_Asset/Prefabs/PT_Hayfork_011.prefab using Guid(729cc6609d136e14183aa36295931d90) Importer(2089858483,0ecaa5967403d082aa24f35e1b516d23)  -> (artifact id: '12067bc06a2a8d78eb5cfb6e4be62ecf') in 0.075439 seconds
Number of updated asset objects reloaded before import = 0
Number of asset objects unloaded after import = 6
========================================================================
Received Import Request.
  Time since last request: 0.000092 seconds.
  path: Assets/3D Game/Polytope Studio/Lowpoly_Environments/Sources/Meshes/Rocks/PT_River_Rock_Pile_02.fbx
  artifactKey: Guid(e5e1b3c0d2be60b47981235187af0936) Importer(2089858483,0ecaa5967403d082aa24f35e1b516d23)
Start importing Assets/3D Game/Polytope Studio/Lowpoly_Environments/Sources/Meshes/Rocks/PT_River_Rock_Pile_02.fbx using Guid(e5e1b3c0d2be60b47981235187af0936) Importer(2089858483,0ecaa5967403d082aa24f35e1b516d23)  -> (artifact id: '2fad1d28a6eba425281a806a48ed327c') in 0.093708 seconds
Number of updated asset objects reloaded before import = 0
Number of asset objects unloaded after import = 20
========================================================================
Received Import Request.
  Time since last request: 0.000025 seconds.
  path: Assets/3D Game/Polytope Studio/Lowpoly_Environments/Sources/Meshes/Rocks/PT_Generic_Rock_01.fbx
  artifactKey: Guid(f226223b3a11d2d4b980aaa520301583) Importer(2089858483,0ecaa5967403d082aa24f35e1b516d23)
Start importing Assets/3D Game/Polytope Studio/Lowpoly_Environments/Sources/Meshes/Rocks/PT_Generic_Rock_01.fbx using Guid(f226223b3a11d2d4b980aaa520301583) Importer(2089858483,0ecaa5967403d082aa24f35e1b516d23)  -> (artifact id: '764aa043174213d1c6ce23b66a8fefd8') in 0.034016 seconds
Number of updated asset objects reloaded before import = 0
Number of asset objects unloaded after import = 20
========================================================================
Received Import Request.
  Time since last request: 0.000025 seconds.
  path: Assets/3D Game/Polytope Studio/Lowpoly_Environments/Sources/Meshes/Rocks/PT_Ore_Rock_01.fbx
  artifactKey: Guid(a9129ae83f8faf646961b70c4b103833) Importer(2089858483,0ecaa5967403d082aa24f35e1b516d23)
Start importing Assets/3D Game/Polytope Studio/Lowpoly_Environments/Sources/Meshes/Rocks/PT_Ore_Rock_01.fbx using Guid(a9129ae83f8faf646961b70c4b103833) Importer(2089858483,0ecaa5967403d082aa24f35e1b516d23)  -> (artifact id: '6d75189c65dd10265f898567c4d27d86') in 0.032424 seconds
Number of updated asset objects reloaded before import = 0
Number of asset objects unloaded after import = 20
========================================================================
Received Import Request.
  Time since last request: 0.000031 seconds.
  path: Assets/3D Game/Polytope Studio/Lowpoly_Environments/Sources/Meshes/Trees/PT_Fruit_Tree_01_apples.fbx
  artifactKey: Guid(fb0559a36ae9650449b6e3c26d5076a5) Importer(2089858483,0ecaa5967403d082aa24f35e1b516d23)
Start importing Assets/3D Game/Polytope Studio/Lowpoly_Environments/Sources/Meshes/Trees/PT_Fruit_Tree_01_apples.fbx using Guid(fb0559a36ae9650449b6e3c26d5076a5) Importer(2089858483,0ecaa5967403d082aa24f35e1b516d23)  -> (artifact id: '631efbf243909a4187091b813f704080') in 0.032140 seconds
Number of updated asset objects reloaded before import = 0
Number of asset objects unloaded after import = 20
========================================================================
Received Import Request.
  Time since last request: 0.000039 seconds.
  path: Assets/3D Game/Polytope Studio/Lowpoly_Environments/Sources/Meshes/Trees/PT_Fruit_Tree_01_logs.fbx
  artifactKey: Guid(268a14e7ef45f1542a7d335b0a20d200) Importer(2089858483,0ecaa5967403d082aa24f35e1b516d23)
Start importing Assets/3D Game/Polytope Studio/Lowpoly_Environments/Sources/Meshes/Trees/PT_Fruit_Tree_01_logs.fbx using Guid(268a14e7ef45f1542a7d335b0a20d200) Importer(2089858483,0ecaa5967403d082aa24f35e1b516d23)  -> (artifact id: 'cf3266d74790498ba4072ff9fbb357e2') in 0.029802 seconds
Number of updated asset objects reloaded before import = 0
Number of asset objects unloaded after import = 7
========================================================================
Received Import Request.
  Time since last request: 0.000041 seconds.
  path: Assets/3D Game/Polytope Studio/Lowpoly_Environments/Sources/Meshes/Trees/PT_Fruit_Tree_01_plums.fbx
  artifactKey: Guid(0ef9f3b550a8ffd40ab0be1ae6034fe1) Importer(2089858483,0ecaa5967403d082aa24f35e1b516d23)
Start importing Assets/3D Game/Polytope Studio/Lowpoly_Environments/Sources/Meshes/Trees/PT_Fruit_Tree_01_plums.fbx using Guid(0ef9f3b550a8ffd40ab0be1ae6034fe1) Importer(2089858483,0ecaa5967403d082aa24f35e1b516d23)  -> (artifact id: '5217e52e3487909ba3bb446f96c6a5fd') in 0.048567 seconds
Number of updated asset objects reloaded before import = 0
Number of asset objects unloaded after import = 20
========================================================================
Received Import Request.
  Time since last request: 0.000117 seconds.
  path: Assets/3D Game/Free medieval weapons/README.txt
  artifactKey: Guid(8c5b2fdc58c472b408bae55d6fafec4e) Importer(2089858483,0ecaa5967403d082aa24f35e1b516d23)
Start importing Assets/3D Game/Free medieval weapons/README.txt using Guid(8c5b2fdc58c472b408bae55d6fafec4e) Importer(2089858483,0ecaa5967403d082aa24f35e1b516d23)  -> (artifact id: '69b1edd0fea96950089e7b3dc4d937a0') in 0.036471 seconds
Number of updated asset objects reloaded before import = 0
Number of asset objects unloaded after import = 1
========================================================================
Received Import Request.
  Time since last request: 0.000025 seconds.
  path: Assets/3D Game/Audio/rollover3.ogg
  artifactKey: Guid(34362a6dffc32754694783c33a3cc7c7) Importer(2089858483,0ecaa5967403d082aa24f35e1b516d23)
Start importing Assets/3D Game/Audio/rollover3.ogg using Guid(34362a6dffc32754694783c33a3cc7c7) Importer(2089858483,0ecaa5967403d082aa24f35e1b516d23)  -> (artifact id: '18e20b861d60f328ac67d1a9e3733d0c') in 0.067564 seconds
Number of updated asset objects reloaded before import = 0
Number of asset objects unloaded after import = 1
========================================================================
Received Import Request.
  Time since last request: 0.000033 seconds.
  path: Assets/3D Game/Polytope Studio/Lowpoly_Environments/Prefabs/Trees/PT_Fruit_Tree_01_dead.prefab
  artifactKey: Guid(c6a512d95615f534cbe31aba1aaa354c) Importer(2089858483,0ecaa5967403d082aa24f35e1b516d23)
Start importing Assets/3D Game/Polytope Studio/Lowpoly_Environments/Prefabs/Trees/PT_Fruit_Tree_01_dead.prefab using Guid(c6a512d95615f534cbe31aba1aaa354c) Importer(2089858483,0ecaa5967403d082aa24f35e1b516d23)  -> (artifact id: 'bc043676aabf9a5b1cf51712b8cf9e25') in 0.028431 seconds
Number of updated asset objects reloaded before import = 0
Number of asset objects unloaded after import = 20
========================================================================
Received Import Request.
  Time since last request: 0.000056 seconds.
  path: Assets/3D Game/Polytope Studio/Lowpoly_Characters/SRP/PT_Peasants_Free_URP_12.1.10.unitypackage
  artifactKey: Guid(b9399e7573990974789d78744839cd68) Importer(2089858483,0ecaa5967403d082aa24f35e1b516d23)
Start importing Assets/3D Game/Polytope Studio/Lowpoly_Characters/SRP/PT_Peasants_Free_URP_12.1.10.unitypackage using Guid(b9399e7573990974789d78744839cd68) Importer(2089858483,0ecaa5967403d082aa24f35e1b516d23)  -> (artifact id: 'ef0fc295ca492422e392071b20d13ace') in 0.015310 seconds
Number of updated asset objects reloaded before import = 0
Number of asset objects unloaded after import = 1
========================================================================
Received Import Request.
  Time since last request: 0.000090 seconds.
  path: Assets/3D Game/Polytope Studio/Lowpoly_Environments/Sources/Shaders/PT_Vegetation_Foliage_Shader.shader
  artifactKey: Guid(77e1a76a38ecd5a46a270afb12894dd5) Importer(2089858483,0ecaa5967403d082aa24f35e1b516d23)
Start importing Assets/3D Game/Polytope Studio/Lowpoly_Environments/Sources/Shaders/PT_Vegetation_Foliage_Shader.shader using Guid(77e1a76a38ecd5a46a270afb12894dd5) Importer(2089858483,0ecaa5967403d082aa24f35e1b516d23)  -> (artifact id: '455b4209e8d3d77069ef0e37dbd3b62a') in 0.027289 seconds
Number of updated asset objects reloaded before import = 0
Number of asset objects unloaded after import = 1
========================================================================
Received Import Request.
  Time since last request: 0.000041 seconds.
  path: Assets/Scripts/Sword.cs
  artifactKey: Guid(678a4e72cb412e0409d60d04979c8bbc) Importer(2089858483,0ecaa5967403d082aa24f35e1b516d23)
Start importing Assets/Scripts/Sword.cs using Guid(678a4e72cb412e0409d60d04979c8bbc) Importer(2089858483,0ecaa5967403d082aa24f35e1b516d23)  -> (artifact id: '2f67f9b75c20a2091ce33619916accf3') in 0.020864 seconds
Number of updated asset objects reloaded before import = 0
Number of asset objects unloaded after import = 1
========================================================================
Received Import Request.
  Time since last request: 0.000044 seconds.
  path: Assets/SimpleNaturePack/Models/Tree_03.fbx
  artifactKey: Guid(69f0af3a0a6c73b4ab4b89eb82cdc488) Importer(2089858483,0ecaa5967403d082aa24f35e1b516d23)
Start importing Assets/SimpleNaturePack/Models/Tree_03.fbx using Guid(69f0af3a0a6c73b4ab4b89eb82cdc488) Importer(2089858483,0ecaa5967403d082aa24f35e1b516d23)  -> (artifact id: 'd50950c2623cfe374e6b74e34e74cd3d') in 0.031878 seconds
Number of updated asset objects reloaded before import = 0
Number of asset objects unloaded after import = 15
========================================================================
Received Import Request.
  Time since last request: 0.000032 seconds.
  path: Assets/3D Game/Polytope Studio/Lowpoly_Environments/Sources/Meshes/Trees/PT_Pine_Tree_03_green_cut.fbx
  artifactKey: Guid(2a5e649cde00dd847885c694eb77f1fb) Importer(2089858483,0ecaa5967403d082aa24f35e1b516d23)
Start importing Assets/3D Game/Polytope Studio/Lowpoly_Environments/Sources/Meshes/Trees/PT_Pine_Tree_03_green_cut.fbx using Guid(2a5e649cde00dd847885c694eb77f1fb) Importer(2089858483,0ecaa5967403d082aa24f35e1b516d23)  -> (artifact id: '0f3773311c1d7c030172c042791dece2') in 0.043539 seconds
Number of updated asset objects reloaded before import = 0
Number of asset objects unloaded after import = 7
========================================================================
Received Import Request.
  Time since last request: 0.000036 seconds.
  path: Assets/3D Game/Polytope Studio/Lowpoly_Characters/Sources/Modular_NPC/Meshes/Peasants_Citizens/PT_Boy_Modular_Free_Pack.fbx
  artifactKey: Guid(c17fdcf99b66ed341b80a77325effa07) Importer(2089858483,0ecaa5967403d082aa24f35e1b516d23)
Start importing Assets/3D Game/Polytope Studio/Lowpoly_Characters/Sources/Modular_NPC/Meshes/Peasants_Citizens/PT_Boy_Modular_Free_Pack.fbx using Guid(c17fdcf99b66ed341b80a77325effa07) Importer(2089858483,0ecaa5967403d082aa24f35e1b516d23)  -> (artifact id: '8ff98b64f4acbea88c700796d166a053') in 0.058294 seconds
Number of updated asset objects reloaded before import = 0
Number of asset objects unloaded after import = 206
========================================================================
Received Import Request.
  Time since last request: 0.000037 seconds.
  path: Assets/3D Game/Polytope Studio/Lowpoly_Characters/Prefabs/Modular_NPC/Peasants_Citizens/Separate_Parts/PT_Female_Peasant_01_head.prefab
  artifactKey: Guid(83134bff427785845a2c21adfcdc2748) Importer(2089858483,0ecaa5967403d082aa24f35e1b516d23)
Start importing Assets/3D Game/Polytope Studio/Lowpoly_Characters/Prefabs/Modular_NPC/Peasants_Citizens/Separate_Parts/PT_Female_Peasant_01_head.prefab using Guid(83134bff427785845a2c21adfcdc2748) Importer(2089858483,0ecaa5967403d082aa24f35e1b516d23)  -> (artifact id: '4f27bb3a2f0f6967e7c129033cbcf027') in 0.039655 seconds
Number of updated asset objects reloaded before import = 0
Number of asset objects unloaded after import = 164
========================================================================
Received Import Request.
  Time since last request: 0.000035 seconds.
  path: Assets/3D Game/Polytope Studio/Lowpoly_Environments/Sources/Meshes/Trees/PT_Pine_Tree_03_green.fbx
  artifactKey: Guid(c2dcabc4d03cc9b4098225e59529d20d) Importer(2089858483,0ecaa5967403d082aa24f35e1b516d23)
Start importing Assets/3D Game/Polytope Studio/Lowpoly_Environments/Sources/Meshes/Trees/PT_Pine_Tree_03_green.fbx using Guid(c2dcabc4d03cc9b4098225e59529d20d) Importer(2089858483,0ecaa5967403d082aa24f35e1b516d23)  -> (artifact id: 'd77da369bbd1d0b9e9de694c50b9c599') in 0.028511 seconds
Number of updated asset objects reloaded before import = 0
Number of asset objects unloaded after import = 20
========================================================================
Received Import Request.
  Time since last request: 0.000026 seconds.
  path: Assets/3D Game/Polytope Studio/Lowpoly_Characters/Sources/Modular_NPC/Meshes/Peasants_Citizens/Separate_Parts/PT_Female_Peasant_01_lower_skirt.fbx
  artifactKey: Guid(a0d423c5725f53144a2b5af29131b8c2) Importer(2089858483,0ecaa5967403d082aa24f35e1b516d23)
Start importing Assets/3D Game/Polytope Studio/Lowpoly_Characters/Sources/Modular_NPC/Meshes/Peasants_Citizens/Separate_Parts/PT_Female_Peasant_01_lower_skirt.fbx using Guid(a0d423c5725f53144a2b5af29131b8c2) Importer(2089858483,0ecaa5967403d082aa24f35e1b516d23)  -> (artifact id: '83b83f71c166eda6808ffebdf55f46a2') in 0.040538 seconds
Number of updated asset objects reloaded before import = 0
Number of asset objects unloaded after import = 165
========================================================================
Received Import Request.
  Time since last request: 0.000042 seconds.
  path: Assets/3D Game/Polytope Studio/Lowpoly_Characters/Sources/Modular_NPC/Meshes/Peasants_Citizens/Separate_Parts/PT_Boy_Peasant_01_lower.fbx
  artifactKey: Guid(f0df5f877f9ea4c4a85e99d80e0c3152) Importer(2089858483,0ecaa5967403d082aa24f35e1b516d23)
Start importing Assets/3D Game/Polytope Studio/Lowpoly_Characters/Sources/Modular_NPC/Meshes/Peasants_Citizens/Separate_Parts/PT_Boy_Peasant_01_lower.fbx using Guid(f0df5f877f9ea4c4a85e99d80e0c3152) Importer(2089858483,0ecaa5967403d082aa24f35e1b516d23)  -> (artifact id: '95ace3ce7a858fa643f82cd935900e9c') in 0.038367 seconds
Number of updated asset objects reloaded before import = 0
Number of asset objects unloaded after import = 165
========================================================================
Received Import Request.
  Time since last request: 0.000033 seconds.
  path: Assets/3D Game/Polytope Studio/Lowpoly_Environments/Sources/Meshes/Trees/PT_Pine_Tree_03_logs.fbx
  artifactKey: Guid(e9a01d2a3de15954eb2cccf4df7f3d5b) Importer(2089858483,0ecaa5967403d082aa24f35e1b516d23)
Start importing Assets/3D Game/Polytope Studio/Lowpoly_Environments/Sources/Meshes/Trees/PT_Pine_Tree_03_logs.fbx using Guid(e9a01d2a3de15954eb2cccf4df7f3d5b) Importer(2089858483,0ecaa5967403d082aa24f35e1b516d23)  -> (artifact id: '064d8e1079ebf42691e0fe77271b8044') in 0.038314 seconds
Number of updated asset objects reloaded before import = 0
Number of asset objects unloaded after import = 7
========================================================================
Received Import Request.
  Time since last request: 0.000042 seconds.
  path: Assets/3D Game/Polytope Studio/Lowpoly_Characters/Sources/Modular_NPC/Meshes/Peasants_Citizens/Separate_Parts/PT_Male_Naked_head.fbx
  artifactKey: Guid(295a232480873304f9f4df6962a36331) Importer(2089858483,0ecaa5967403d082aa24f35e1b516d23)
Start importing Assets/3D Game/Polytope Studio/Lowpoly_Characters/Sources/Modular_NPC/Meshes/Peasants_Citizens/Separate_Parts/PT_Male_Naked_head.fbx using Guid(295a232480873304f9f4df6962a36331) Importer(2089858483,0ecaa5967403d082aa24f35e1b516d23)  -> (artifact id: 'de32e2ee497b1a400a263644b66f8adc') in 0.036535 seconds
Number of updated asset objects reloaded before import = 0
Number of asset objects unloaded after import = 165
========================================================================
Received Import Request.
  Time since last request: 0.000047 seconds.
  path: Assets/3D Game/Polytope Studio/Lowpoly_Characters/Prefabs/Modular_NPC/Peasants_Citizens/Separate_Parts/PT_Male_Peasant_01_head.prefab
  artifactKey: Guid(8ca110388ca7fd14dad36c10a00ec9ca) Importer(2089858483,0ecaa5967403d082aa24f35e1b516d23)
Start importing Assets/3D Game/Polytope Studio/Lowpoly_Characters/Prefabs/Modular_NPC/Peasants_Citizens/Separate_Parts/PT_Male_Peasant_01_head.prefab using Guid(8ca110388ca7fd14dad36c10a00ec9ca) Importer(2089858483,0ecaa5967403d082aa24f35e1b516d23)  -> (artifact id: '1a95f7fb6e083ad3b672023017cadd3f') in 0.028422 seconds
Number of updated asset objects reloaded before import = 0
Number of asset objects unloaded after import = 164
========================================================================
Received Import Request.
  Time since last request: 0.000051 seconds.
  path: Assets/3D Game/Polytope Studio/Lowpoly_Characters/Prefabs/Modular_NPC/Peasants_Citizens/Separate_Parts/PT_Male_Naked_head.prefab
  artifactKey: Guid(4fa3f369ac29cae49b56054471b7e50b) Importer(2089858483,0ecaa5967403d082aa24f35e1b516d23)
Start importing Assets/3D Game/Polytope Studio/Lowpoly_Characters/Prefabs/Modular_NPC/Peasants_Citizens/Separate_Parts/PT_Male_Naked_head.prefab using Guid(4fa3f369ac29cae49b56054471b7e50b) Importer(2089858483,0ecaa5967403d082aa24f35e1b516d23)  -> (artifact id: '18c271274df752623f99acec9c0d5309') in 0.029570 seconds
Number of updated asset objects reloaded before import = 0
Number of asset objects unloaded after import = 164
========================================================================
Received Import Request.
  Time since last request: 0.000050 seconds.
  path: Assets/3D Game/Polytope Studio/Lowpoly_Characters/Sources/Modular_NPC/Meshes/Peasants_Citizens/Separate_Parts/PT_Boy_Naked_lower.fbx
  artifactKey: Guid(d2143859f9b0dab4587427dd09fa051c) Importer(2089858483,0ecaa5967403d082aa24f35e1b516d23)
Start importing Assets/3D Game/Polytope Studio/Lowpoly_Characters/Sources/Modular_NPC/Meshes/Peasants_Citizens/Separate_Parts/PT_Boy_Naked_lower.fbx using Guid(d2143859f9b0dab4587427dd09fa051c) Importer(2089858483,0ecaa5967403d082aa24f35e1b516d23)  -> (artifact id: 'e54b6067ccc23f734379140e1a1ce894') in 0.029141 seconds
Number of updated asset objects reloaded before import = 0
Number of asset objects unloaded after import = 165
========================================================================
Received Import Request.
  Time since last request: 0.000039 seconds.
  path: Assets/3D Game/Polytope Studio/Lowpoly_Characters/Sources/Modular_NPC/Meshes/Peasants_Citizens/PT_Female_Modular_Free_Pack.fbx
  artifactKey: Guid(32e8b022da3e1124e89a6a071df4f44f) Importer(2089858483,0ecaa5967403d082aa24f35e1b516d23)
Start importing Assets/3D Game/Polytope Studio/Lowpoly_Characters/Sources/Modular_NPC/Meshes/Peasants_Citizens/PT_Female_Modular_Free_Pack.fbx using Guid(32e8b022da3e1124e89a6a071df4f44f) Importer(2089858483,0ecaa5967403d082aa24f35e1b516d23)  -> (artifact id: '3a40e05c5093ba6fe81f90f64b764608') in 0.054468 seconds
Number of updated asset objects reloaded before import = 0
Number of asset objects unloaded after import = 210
========================================================================
Received Import Request.
  Time since last request: 0.000054 seconds.
  path: Assets/3D Game/Fantasy Wooden GUI  Free/normal_ui_set A/TextBTN_Medium.png
  artifactKey: Guid(efee20b64d1e73942a29ba61ce3379c3) Importer(2089858483,0ecaa5967403d082aa24f35e1b516d23)
Start importing Assets/3D Game/Fantasy Wooden GUI  Free/normal_ui_set A/TextBTN_Medium.png using Guid(efee20b64d1e73942a29ba61ce3379c3) Importer(2089858483,0ecaa5967403d082aa24f35e1b516d23)  -> (artifact id: '91fcd79fa0a10d624ddf2643838605e7') in 0.043284 seconds
Number of updated asset objects reloaded before import = 0
Number of asset objects unloaded after import = 3
========================================================================
Received Import Request.
  Time since last request: 0.000029 seconds.
  path: Assets/3D Game/Polytope Studio/Lowpoly_Characters/Sources/Modular_NPC/Meshes/Peasants_Citizens/Separate_Parts/PT_Male_Peasant_01_lower.fbx
  artifactKey: Guid(a9645c11fb91de8409cd919af8a683ae) Importer(2089858483,0ecaa5967403d082aa24f35e1b516d23)
Start importing Assets/3D Game/Polytope Studio/Lowpoly_Characters/Sources/Modular_NPC/Meshes/Peasants_Citizens/Separate_Parts/PT_Male_Peasant_01_lower.fbx using Guid(a9645c11fb91de8409cd919af8a683ae) Importer(2089858483,0ecaa5967403d082aa24f35e1b516d23)  -> (artifact id: 'c97f1795c6ede5cb33985fe0e7d0a18a') in 0.030604 seconds
Number of updated asset objects reloaded before import = 0
Number of asset objects unloaded after import = 165
========================================================================
Received Import Request.
  Time since last request: 0.000070 seconds.
  path: Assets/3D Game/Polytope Studio/Lowpoly_Characters/Sources/Modular_NPC/Meshes/Peasants_Citizens/Sets/PT_Female_Peasant_01_a.fbx
  artifactKey: Guid(ed32f375cf0deb047840f00665ccc419) Importer(2089858483,0ecaa5967403d082aa24f35e1b516d23)
Start importing Assets/3D Game/Polytope Studio/Lowpoly_Characters/Sources/Modular_NPC/Meshes/Peasants_Citizens/Sets/PT_Female_Peasant_01_a.fbx using Guid(ed32f375cf0deb047840f00665ccc419) Importer(2089858483,0ecaa5967403d082aa24f35e1b516d23)  -> (artifact id: '6e3f485de44446d35822dc6729e4294c') in 0.056472 seconds
Number of updated asset objects reloaded before import = 0
Number of asset objects unloaded after import = 194
========================================================================
Received Import Request.
  Time since last request: 0.000030 seconds.
  path: Assets/3D Game/Polytope Studio/Lowpoly_Environments/Prefabs/Flowers/PT_Poppy_02.prefab
  artifactKey: Guid(f593bc20677ebf14abd27a4853408c68) Importer(2089858483,0ecaa5967403d082aa24f35e1b516d23)
Start importing Assets/3D Game/Polytope Studio/Lowpoly_Environments/Prefabs/Flowers/PT_Poppy_02.prefab using Guid(f593bc20677ebf14abd27a4853408c68) Importer(2089858483,0ecaa5967403d082aa24f35e1b516d23)  -> (artifact id: '63b8c11e92a22f7a35be74f643bc05d6') in 0.019761 seconds
Number of updated asset objects reloaded before import = 0
Number of asset objects unloaded after import = 20
========================================================================
Received Import Request.
  Time since last request: 0.000029 seconds.
  path: Assets/3D Game/Polytope Studio/Lowpoly_Environments/Sources/Shaders/PT_Water_Shader.shader
  artifactKey: Guid(39cf68574afc7f248bd78a99c3800e00) Importer(2089858483,0ecaa5967403d082aa24f35e1b516d23)
Start importing Assets/3D Game/Polytope Studio/Lowpoly_Environments/Sources/Shaders/PT_Water_Shader.shader using Guid(39cf68574afc7f248bd78a99c3800e00) Importer(2089858483,0ecaa5967403d082aa24f35e1b516d23)  -> (artifact id: '21c1887b808760db6a0169128382b016') in 0.018392 seconds
Number of updated asset objects reloaded before import = 0
Number of asset objects unloaded after import = 1
========================================================================
Received Import Request.
  Time since last request: 0.000078 seconds.
  path: Assets/Medieval Fantasy Music/MP3/The Daily Brew Tavern (LOOP).mp3
  artifactKey: Guid(78a86950f3b544ed48fc0316c76d68ea) Importer(2089858483,0ecaa5967403d082aa24f35e1b516d23)
Start importing Assets/Medieval Fantasy Music/MP3/The Daily Brew Tavern (LOOP).mp3 using Guid(78a86950f3b544ed48fc0316c76d68ea) Importer(2089858483,0ecaa5967403d082aa24f35e1b516d23)  -> (artifact id: '3a45e5c9c4e2440b7f2d34d2ada84d35') in 0.045453 seconds
Number of updated asset objects reloaded before import = 0
Number of asset objects unloaded after import = 1
========================================================================
Received Import Request.
  Time since last request: 0.000032 seconds.
  path: Assets/3D Game/Audio/switch5.ogg
  artifactKey: Guid(7440bc10931b47c4ebc95b51f9e1ce23) Importer(2089858483,0ecaa5967403d082aa24f35e1b516d23)
Start importing Assets/3D Game/Audio/switch5.ogg using Guid(7440bc10931b47c4ebc95b51f9e1ce23) Importer(2089858483,0ecaa5967403d082aa24f35e1b516d23)  -> (artifact id: 'd64deccfdd721e5f8398b6f9723d7fec') in 0.046853 seconds
Number of updated asset objects reloaded before import = 0
Number of asset objects unloaded after import = 1
========================================================================
Received Import Request.
  Time since last request: 0.000133 seconds.
  path: Assets/3D Game/Polytope Studio/Lowpoly_Characters/Prefabs/Modular_NPC/Peasants_Citizens/Separate_Parts/PT_Female_Peasant_01_lower_pants.prefab
  artifactKey: Guid(d0e98b8dc7b4d7a42b26d67c951381df) Importer(2089858483,0ecaa5967403d082aa24f35e1b516d23)
Start importing Assets/3D Game/Polytope Studio/Lowpoly_Characters/Prefabs/Modular_NPC/Peasants_Citizens/Separate_Parts/PT_Female_Peasant_01_lower_pants.prefab using Guid(d0e98b8dc7b4d7a42b26d67c951381df) Importer(2089858483,0ecaa5967403d082aa24f35e1b516d23)  -> (artifact id: '560613d5c92527c113c78d1213a8c892') in 0.039870 seconds
Number of updated asset objects reloaded before import = 0
Number of asset objects unloaded after import = 164
========================================================================
Received Import Request.
  Time since last request: 0.000053 seconds.
  path: Assets/3D Game/Polytope Studio/Lowpoly_Characters/Sources/Modular_NPC/Meshes/Peasants_Citizens/Separate_Parts/PT_Female_Peasant_01_lower_pants.fbx
  artifactKey: Guid(dadfdbf9de0967a4f850255f1e34e291) Importer(2089858483,0ecaa5967403d082aa24f35e1b516d23)
Start importing Assets/3D Game/Polytope Studio/Lowpoly_Characters/Sources/Modular_NPC/Meshes/Peasants_Citizens/Separate_Parts/PT_Female_Peasant_01_lower_pants.fbx using Guid(dadfdbf9de0967a4f850255f1e34e291) Importer(2089858483,0ecaa5967403d082aa24f35e1b516d23)  -> (artifact id: '973f59699dc859005f4a365f20f81b2f') in 0.027630 seconds
Number of updated asset objects reloaded before import = 0
Number of asset objects unloaded after import = 165
========================================================================
Received Import Request.
  Time since last request: 0.000048 seconds.
  path: Assets/Scripts/Interactable.cs
  artifactKey: Guid(f5c7c6345ef018543893cde6af553f70) Importer(2089858483,0ecaa5967403d082aa24f35e1b516d23)
Start importing Assets/Scripts/Interactable.cs using Guid(f5c7c6345ef018543893cde6af553f70) Importer(2089858483,0ecaa5967403d082aa24f35e1b516d23)  -> (artifact id: '942e279ae213c9cb16132260a942affa') in 0.016592 seconds
Number of updated asset objects reloaded before import = 0
Number of asset objects unloaded after import = 1
========================================================================
Received Import Request.
  Time since last request: 0.000029 seconds.
  path: Assets/3D Game/Polytope Studio/Lowpoly_Props/Sources/Materials/PT_mat.mat
  artifactKey: Guid(aac76b3107c61b14e95aa9244475a739) Importer(2089858483,0ecaa5967403d082aa24f35e1b516d23)
Start importing Assets/3D Game/Polytope Studio/Lowpoly_Props/Sources/Materials/PT_mat.mat using Guid(aac76b3107c61b14e95aa9244475a739) Importer(2089858483,0ecaa5967403d082aa24f35e1b516d23)  -> (artifact id: '6c6c05209c14a034f94021bce25dd13b') in 0.047399 seconds
Number of updated asset objects reloaded before import = 0
Number of asset objects unloaded after import = 2
========================================================================
Received Import Request.
  Time since last request: 0.000035 seconds.
  path: Assets/3D Game/Polytope Studio/Lowpoly_Demos/Peasants_Free_Asset/Prefabs/Skybox.mat
  artifactKey: Guid(a645f793536a4674b920d2aa358beb7c) Importer(2089858483,0ecaa5967403d082aa24f35e1b516d23)
Start importing Assets/3D Game/Polytope Studio/Lowpoly_Demos/Peasants_Free_Asset/Prefabs/Skybox.mat using Guid(a645f793536a4674b920d2aa358beb7c) Importer(2089858483,0ecaa5967403d082aa24f35e1b516d23)  -> (artifact id: '2001f5bf5201935bf9272be71d596469') in 0.058369 seconds
Number of updated asset objects reloaded before import = 0
Number of asset objects unloaded after import = 2
========================================================================
Received Import Request.
  Time since last request: 0.000027 seconds.
  path: Assets/Scripts/Inventory/ItemController.cs
  artifactKey: Guid(9ed5281666ad7944092492dc90bffc70) Importer(2089858483,0ecaa5967403d082aa24f35e1b516d23)
Start importing Assets/Scripts/Inventory/ItemController.cs using Guid(9ed5281666ad7944092492dc90bffc70) Importer(2089858483,0ecaa5967403d082aa24f35e1b516d23)  -> (artifact id: '13987f202d920c62adf8e40d01b5ac14') in 0.016658 seconds
Number of updated asset objects reloaded before import = 0
Number of asset objects unloaded after import = 1
========================================================================
Received Import Request.
  Time since last request: 0.000030 seconds.
  path: Assets/3D Game/Free medieval weapons/Textures/Swords_DH_low_Sword_DH_AO.png
  artifactKey: Guid(97292a0cd2b081640bf69b469b52626f) Importer(2089858483,0ecaa5967403d082aa24f35e1b516d23)
Start importing Assets/3D Game/Free medieval weapons/Textures/Swords_DH_low_Sword_DH_AO.png using Guid(97292a0cd2b081640bf69b469b52626f) Importer(2089858483,0ecaa5967403d082aa24f35e1b516d23)  -> (artifact id: '63c570c6e680d770377e144b0424f53f') in 0.027016 seconds
Number of updated asset objects reloaded before import = 0
Number of asset objects unloaded after import = 1
========================================================================
Received Prepare
Refreshing native plugins compatible for Editor in 3.71 ms, found 3 plugins.
Preloading 0 native plugins for Editor in 0.00 ms.
Unloading 0 Unused Serialized files (Serialized files now loaded: 0)
Unloading 2 unused Assets / (28.6 KB). Loaded Objects now: 3603.
Memory consumption went from 136.3 MB to 136.3 MB.
Total: 3.804500 ms (FindLiveObjects: 0.383400 ms CreateObjectMapping: 0.100100 ms MarkObjects: 3.197700 ms  DeleteObjects: 0.121900 ms)

Prepare: number of updated asset objects reloaded= 0
AssetImportParameters requested are different than current active one (requested -> active):
  custom:container-demuxer-ogg: 62fdf1f143b41e24485cea50d1cbac27 -> 
  custom:video-codec-MediaFoundation-h265: 746d11721c4dcdbdad8f713fa42b33f4 -> 
  custom:video-decoder-ogg-theora: a1e56fd34408186e4bbccfd4996cb3dc -> 
  custom:framework-win-MediaFoundation: 216162199b28c13a410421893ffa2e32 -> 
  custom:CustomObjectIndexerAttribute: 9a22284fe3817be447336de3de66b15e -> 
  custom:container-demuxer-webm: 4f35f7cbe854078d1ac9338744f61a02 -> 
  custom:container-muxer-webm: aa71ff27fc2769a1b78a27578f13a17b -> 
  custom:video-decoder-webm-vp8: 9c59270c3fd7afecdb556c50c9e8de78 -> 
  custom:SearchIndexIgnoredProperties: e643bd26f0fe6173181afceb89e7c659 -> 
  custom:AudioImporter_EditorPlatform: d09bf68614088b80899f8185d706f6e7 -> 
  custom:video-encoder-webm-vp8: eb34c28f22e8b96e1ab97ce403110664 -> 
  custom:audio-decoder-ogg-vorbis: bf7c407c2cedff20999df2af8eb42d56 -> 
  custom:audio-encoder-webm-vorbis: bf7c407c2cedff20999df2af8eb42d56 -> 
Editor requested this worker to shutdown with reason: Scaling down because of idle timeout
TcpMessagingSession - receive error: operation aborted. errorcode: 995, details: ќпераци€ ввода/вывода была прервана из-за завершени€ потока команд или по запросу приложени€.
AssetImportWorker is now disconnected from the server
Process exiting
Exiting without the bug reporter. Application will terminate with return code 0